Using pre-set license
Built from '2022.3/staging' branch; Version is '2022.3.9f1 (ea401c316338) revision 15351836'; Using compiler version '192829333'; Build Type 'Release'
OS: 'Windows 11  (10.0.22621) 64bit CoreSingleLanguage' Language: 'en' Physical Memory: 7985 MB
BatchMode: 1, IsHumanControllingUs: 0, StartBugReporterOnCrash: 0, Is64bit: 1, IsPro: 1

COMMAND LINE ARGUMENTS:
C:\Program Files\Unity\Hub\Editor\2022.3.9f1\Editor\Unity.exe
-adb2
-batchMode
-noUpm
-name
AssetImportWorker8
-projectPath
C:/Users/USER/Documents/GitHub/OnlyUp
-logFile
Logs/AssetImportWorker8.log
-srvPort
61192
Successfully changed project path to: C:/Users/USER/Documents/GitHub/OnlyUp
C:/Users/USER/Documents/GitHub/OnlyUp
[UnityMemory] Configuration Parameters - Can be set up in boot.config
    "memorysetup-bucket-allocator-granularity=16"
    "memorysetup-bucket-allocator-bucket-count=8"
    "memorysetup-bucket-allocator-block-size=33554432"
    "memorysetup-bucket-allocator-block-count=8"
    "memorysetup-main-allocator-block-size=16777216"
    "memorysetup-thread-allocator-block-size=16777216"
    "memorysetup-gfx-main-allocator-block-size=16777216"
    "memorysetup-gfx-thread-allocator-block-size=16777216"
    "memorysetup-cache-allocator-block-size=4194304"
    "memorysetup-typetree-allocator-block-size=2097152"
    "memorysetup-profiler-bucket-allocator-granularity=16"
    "memorysetup-profiler-bucket-allocator-bucket-count=8"
    "memorysetup-profiler-bucket-allocator-block-size=33554432"
    "memorysetup-profiler-bucket-allocator-block-count=8"
    "memorysetup-profiler-allocator-block-size=16777216"
    "memorysetup-profiler-editor-allocator-block-size=1048576"
    "memorysetup-temp-allocator-size-main=16777216"
    "memorysetup-job-temp-allocator-block-size=2097152"
    "memorysetup-job-temp-allocator-block-size-background=1048576"
    "memorysetup-job-temp-allocator-reduction-small-platforms=262144"
    "memorysetup-allocator-temp-initial-block-size-main=262144"
    "memorysetup-allocator-temp-initial-block-size-worker=262144"
    "memorysetup-temp-allocator-size-background-worker=32768"
    "memorysetup-temp-allocator-size-job-worker=262144"
    "memorysetup-temp-allocator-size-preload-manager=33554432"
    "memorysetup-temp-allocator-size-nav-mesh-worker=65536"
    "memorysetup-temp-allocator-size-audio-worker=65536"
    "memorysetup-temp-allocator-size-cloud-worker=32768"
    "memorysetup-temp-allocator-size-gi-baking-worker=262144"
    "memorysetup-temp-allocator-size-gfx=262144"
Player connection [16092] Host "[IP] 172.17.112.1 [Port] 0 [Flags] 2 [Guid] 563056514 [EditorId] 563056514 [Version] 1048832 [Id] WindowsEditor(7,DESKTOP-Q8NOVRR) [Debug] 1 [PackageName] WindowsEditor [ProjectName] Editor" joined multi-casting on [225.0.0.222:54997]...

Player connection [16092] Host "[IP] 172.17.112.1 [Port] 0 [Flags] 2 [Guid] 563056514 [EditorId] 563056514 [Version] 1048832 [Id] WindowsEditor(7,DESKTOP-Q8NOVRR) [Debug] 1 [PackageName] WindowsEditor [ProjectName] Editor" joined alternative multi-casting on [225.0.0.222:34997]...

[Physics::Module] Initialized MultithreadedJobDispatcher with 11 workers.
Refreshing native plugins compatible for Editor in 23.75 ms, found 3 plugins.
Preloading 0 native plugins for Editor in 0.00 ms.
Initialize engine version: 2022.3.9f1 (ea401c316338)
[Subsystems] Discovering subsystems at path C:/Program Files/Unity/Hub/Editor/2022.3.9f1/Editor/Data/Resources/UnitySubsystems
[Subsystems] Discovering subsystems at path C:/Users/USER/Documents/GitHub/OnlyUp/Assets
GfxDevice: creating device client; threaded=0; jobified=0
Direct3D:
    Version:  Direct3D 11.0 [level 11.1]
    Renderer: NVIDIA GeForce GTX 1650 Ti (ID=0x1f95)
    Vendor:   NVIDIA
    VRAM:     3962 MB
    Driver:   30.0.15.1272
Initialize mono
Mono path[0] = 'C:/Program Files/Unity/Hub/Editor/2022.3.9f1/Editor/Data/Managed'
Mono path[1] = 'C:/Program Files/Unity/Hub/Editor/2022.3.9f1/Editor/Data/MonoBleedingEdge/lib/mono/unityjit-win32'
Mono config path = 'C:/Program Files/Unity/Hub/Editor/2022.3.9f1/Editor/Data/MonoBleedingEdge/etc'
Using monoOptions --debugger-agent=transport=dt_socket,embedding=1,server=y,suspend=n,address=127.0.0.1:56140
Begin MonoManager ReloadAssembly
Registering precompiled unity dll's ...
Register platform support module: C:/Program Files/Unity/Hub/Editor/2022.3.9f1/Editor/Data/PlaybackEngines/WebGLSupport/UnityEditor.WebGL.Extensions.dll
Register platform support module: C:/Program Files/Unity/Hub/Editor/2022.3.9f1/Editor/Data/PlaybackEngines/AndroidPlayer/UnityEditor.Android.Extensions.dll
Register platform support module: C:/Program Files/Unity/Hub/Editor/2022.3.9f1/Editor/Data/PlaybackEngines/WindowsStandaloneSupport/UnityEditor.WindowsStandalone.Extensions.dll
Registered in 0.017673 seconds.
- Loaded All Assemblies, in  0.403 seconds
Native extension for WindowsStandalone target not found
Native extension for Android target not found
Android Extension - Scanning For ADB Devices 325 ms
Native extension for WebGL target not found
Mono: successfully reloaded assembly
- Finished resetting the current domain, in  0.677 seconds
Domain Reload Profiling: 1077ms
	BeginReloadAssembly (123ms)
		ExecutionOrderSort (0ms)
		DisableScriptedObjects (0ms)
		BackupInstance (0ms)
		ReleaseScriptingObjects (0ms)
		CreateAndSetChildDomain (1ms)
	RebuildCommonClasses (33ms)
	RebuildNativeTypeToScriptingClass (10ms)
	initialDomainReloadingComplete (69ms)
	LoadAllAssembliesAndSetupDomain (163ms)
		LoadAssemblies (121ms)
		RebuildTransferFunctionScriptingTraits (0ms)
		AnalyzeDomain (160ms)
			TypeCache.Refresh (159ms)
				TypeCache.ScanAssembly (144ms)
			ScanForSourceGeneratedMonoScriptInfo (0ms)
			ResolveRequiredComponents (0ms)
	FinalizeReload (677ms)
		ReleaseScriptCaches (0ms)
		RebuildScriptCaches (0ms)
		SetupLoadedEditorAssemblies (616ms)
			LogAssemblyErrors (0ms)
			InitializePlatformSupportModulesInManaged (452ms)
			SetLoadedEditorAssemblies (4ms)
			RefreshPlugins (0ms)
			BeforeProcessingInitializeOnLoad (2ms)
			ProcessInitializeOnLoadAttributes (101ms)
			ProcessInitializeOnLoadMethodAttributes (57ms)
			AfterProcessingInitializeOnLoad (0ms)
			EditorAssembliesLoaded (0ms)
		ExecutionOrderSort2 (0ms)
		AwakeInstancesAfterBackupRestoration (0ms)
========================================================================
Worker process is ready to serve import requests
Begin MonoManager ReloadAssembly
Symbol file LoadedFromMemory is not a mono symbol file
- Loaded All Assemblies, in  0.967 seconds
Refreshing native plugins compatible for Editor in 12.26 ms, found 3 plugins.
Native extension for WindowsStandalone target not found
Native extension for Android target not found
Native extension for WebGL target not found
Package Manager log level set to [2]
[Package Manager] Server::EnsureServerProcessIsRunning -- launch failed, reason: Unity was launched with the -noUpm command-line argument
[Package Manager] UpmClient::Send -- Unable to send message (not connected to UPM process).
[Package Manager] Cannot connect to Unity Package Manager local server
Mono: successfully reloaded assembly
- Finished resetting the current domain, in  1.016 seconds
Domain Reload Profiling: 1978ms
	BeginReloadAssembly (158ms)
		ExecutionOrderSort (0ms)
		DisableScriptedObjects (5ms)
		BackupInstance (0ms)
		ReleaseScriptingObjects (0ms)
		CreateAndSetChildDomain (20ms)
	RebuildCommonClasses (35ms)
	RebuildNativeTypeToScriptingClass (13ms)
	initialDomainReloadingComplete (49ms)
	LoadAllAssembliesAndSetupDomain (706ms)
		LoadAssemblies (562ms)
		RebuildTransferFunctionScriptingTraits (0ms)
		AnalyzeDomain (242ms)
			TypeCache.Refresh (210ms)
				TypeCache.ScanAssembly (188ms)
			ScanForSourceGeneratedMonoScriptInfo (25ms)
			ResolveRequiredComponents (6ms)
	FinalizeReload (1017ms)
		ReleaseScriptCaches (0ms)
		RebuildScriptCaches (0ms)
		SetupLoadedEditorAssemblies (850ms)
			LogAssemblyErrors (0ms)
			InitializePlatformSupportModulesInManaged (27ms)
			SetLoadedEditorAssemblies (6ms)
			RefreshPlugins (0ms)
			BeforeProcessingInitializeOnLoad (88ms)
			ProcessInitializeOnLoadAttributes (558ms)
			ProcessInitializeOnLoadMethodAttributes (159ms)
			AfterProcessingInitializeOnLoad (11ms)
			EditorAssembliesLoaded (1ms)
		ExecutionOrderSort2 (0ms)
		AwakeInstancesAfterBackupRestoration (11ms)
Launched and connected shader compiler UnityShaderCompiler.exe after 0.07 seconds
Refreshing native plugins compatible for Editor in 15.27 ms, found 3 plugins.
Preloading 0 native plugins for Editor in 0.00 ms.
Unloading 4605 Unused Serialized files (Serialized files now loaded: 0)
Unloading 105 unused Assets / (1.2 MB). Loaded Objects now: 5074.
Memory consumption went from 197.5 MB to 196.3 MB.
Total: 21.497900 ms (FindLiveObjects: 1.748900 ms CreateObjectMapping: 0.370100 ms MarkObjects: 17.635200 ms  DeleteObjects: 1.742500 ms)

AssetImportParameters requested are different than current active one (requested -> active):
  custom:container-demuxer-ogg: 62fdf1f143b41e24485cea50d1cbac27 -> 
  custom:video-codec-MediaFoundation-h265: 746d11721c4dcdbdad8f713fa42b33f4 -> 
  custom:video-decoder-ogg-theora: a1e56fd34408186e4bbccfd4996cb3dc -> 
  custom:framework-win-MediaFoundation: 216162199b28c13a410421893ffa2e32 -> 
  custom:CustomObjectIndexerAttribute: 756ad292c208cfabdd7b50bc23989ffe -> 
  custom:container-demuxer-webm: 4f35f7cbe854078d1ac9338744f61a02 -> 
  custom:container-muxer-webm: aa71ff27fc2769a1b78a27578f13a17b -> 
  custom:video-decoder-webm-vp8: 9c59270c3fd7afecdb556c50c9e8de78 -> 
  custom:SearchIndexIgnoredProperties: e643bd26f0fe6173181afceb89e7c659 -> 
  custom:AudioImporter_EditorPlatform: d09bf68614088b80899f8185d706f6e7 -> 
  custom:video-encoder-webm-vp8: eb34c28f22e8b96e1ab97ce403110664 -> 
  custom:audio-decoder-ogg-vorbis: bf7c407c2cedff20999df2af8eb42d56 -> 
  custom:audio-encoder-webm-vorbis: bf7c407c2cedff20999df2af8eb42d56 -> 
========================================================================
Received Import Request.
  Time since last request: 597095.377540 seconds.
  path: Assets/Models/Realistic/Textures/FinalIsland/Roofs_Normal.png
  artifactKey: Guid(12e6df6acb0c8c145aa97622eb56c668) Importer(815301076,1909f56bfc062723c751e8b465ee728b)
Start importing Assets/Models/Realistic/Textures/FinalIsland/Roofs_Normal.png using Guid(12e6df6acb0c8c145aa97622eb56c668) Importer(815301076,1909f56bfc062723c751e8b465ee728b)  -> (artifact id: '1e49b32dd5ea8485442e77233aaf62f1') in 0.105034 seconds
Number of updated asset objects reloaded before import = 0
Number of asset objects unloaded after import = 2
========================================================================
Received Import Request.
  Time since last request: 60.546405 seconds.
  path: Assets/Models/Realistic/Textures/FinalIsland/Lamp_Low_lambert2_Emissive.png
  artifactKey: Guid(7670ed51182dbfc4da85f62514f617fb) Importer(815301076,1909f56bfc062723c751e8b465ee728b)
Start importing Assets/Models/Realistic/Textures/FinalIsland/Lamp_Low_lambert2_Emissive.png using Guid(7670ed51182dbfc4da85f62514f617fb) Importer(815301076,1909f56bfc062723c751e8b465ee728b)  -> (artifact id: 'cd5764e1f178c646f02551693d36f9a1') in 0.049286 seconds
Number of updated asset objects reloaded before import = 0
Number of asset objects unloaded after import = 2
========================================================================
Received Import Request.
  Time since last request: 0.000024 seconds.
  path: Assets/Models/Realistic/Textures/FinalIsland/SF_Lamp_Mat.mat
  artifactKey: Guid(f14d81726f6091a459473c3c79e544e1) Importer(815301076,1909f56bfc062723c751e8b465ee728b)
Start importing Assets/Models/Realistic/Textures/FinalIsland/SF_Lamp_Mat.mat using Guid(f14d81726f6091a459473c3c79e544e1) Importer(815301076,1909f56bfc062723c751e8b465ee728b)  -> (artifact id: '01bc893f59b22f6217c37e71de88ed17') in 0.101338 seconds
Number of updated asset objects reloaded before import = 0
Number of asset objects unloaded after import = 1
========================================================================
Received Import Request.
  Time since last request: 0.000146 seconds.
  path: Assets/Models/Realistic/Textures/FinalIsland/SF_LampGlass_Mat.mat
  artifactKey: Guid(7154dc63214db874ba5746e82209a432) Importer(815301076,1909f56bfc062723c751e8b465ee728b)
Start importing Assets/Models/Realistic/Textures/FinalIsland/SF_LampGlass_Mat.mat using Guid(7154dc63214db874ba5746e82209a432) Importer(815301076,1909f56bfc062723c751e8b465ee728b)  -> (artifact id: '3c86d2d5ad8d518d345463eed01831fc') in 0.019131 seconds
Number of updated asset objects reloaded before import = 0
Number of asset objects unloaded after import = 1
========================================================================
Received Import Request.
  Time since last request: 0.000035 seconds.
  path: Assets/Models/Realistic/Textures/FinalIsland/Stalamites_Low_lambert1_Roughness.png
  artifactKey: Guid(5479cd9598061b54cbd49ff2f1c6b471) Importer(815301076,1909f56bfc062723c751e8b465ee728b)
Start importing Assets/Models/Realistic/Textures/FinalIsland/Stalamites_Low_lambert1_Roughness.png using Guid(5479cd9598061b54cbd49ff2f1c6b471) Importer(815301076,1909f56bfc062723c751e8b465ee728b)  -> (artifact id: '19d6d4a1a59c94a9358e2347d8d62c49') in 0.038582 seconds
Number of updated asset objects reloaded before import = 0
Number of asset objects unloaded after import = 2
========================================================================
Received Import Request.
  Time since last request: 23.959904 seconds.
  path: Assets/Models/Realistic/Textures/FinalIsland/Rails_Metalness.png
  artifactKey: Guid(27f959d2ed74c5d4fa76073c7f10c07a) Importer(815301076,1909f56bfc062723c751e8b465ee728b)
Start importing Assets/Models/Realistic/Textures/FinalIsland/Rails_Metalness.png using Guid(27f959d2ed74c5d4fa76073c7f10c07a) Importer(815301076,1909f56bfc062723c751e8b465ee728b)  -> (artifact id: 'eefd214659f8e32b66b0b7661a295b66') in 0.041627 seconds
Number of updated asset objects reloaded before import = 0
Number of asset objects unloaded after import = 2
========================================================================
Received Import Request.
  Time since last request: 18.529720 seconds.
  path: Assets/Models/Realistic/Textures/FinalIsland/Plaster_Normals.png
  artifactKey: Guid(76f7dc87719cd174689a60661c182f44) Importer(815301076,1909f56bfc062723c751e8b465ee728b)
Start importing Assets/Models/Realistic/Textures/FinalIsland/Plaster_Normals.png using Guid(76f7dc87719cd174689a60661c182f44) Importer(815301076,1909f56bfc062723c751e8b465ee728b)  -> (artifact id: 'b6a9ddf760396cffb2f15398ab6b7f63') in 0.030347 seconds
Number of updated asset objects reloaded before import = 0
Number of asset objects unloaded after import = 2
========================================================================
Received Import Request.
  Time since last request: 16.203908 seconds.
  path: Assets/Models/Realistic/Textures/FinalIsland/SF_Candle_Mat.mat
  artifactKey: Guid(fcf36b2e0217bcd40b67ddc41671e585) Importer(815301076,1909f56bfc062723c751e8b465ee728b)
Start importing Assets/Models/Realistic/Textures/FinalIsland/SF_Candle_Mat.mat using Guid(fcf36b2e0217bcd40b67ddc41671e585) Importer(815301076,1909f56bfc062723c751e8b465ee728b)  -> (artifact id: 'fb28e1e3ae4909ce3c6fc440233b3839') in 0.028361 seconds
Number of updated asset objects reloaded before import = 0
Number of asset objects unloaded after import = 1
========================================================================
Received Import Request.
  Time since last request: 42.881725 seconds.
  path: Assets/Models/Realistic/Textures/FinalIsland/MineCart_BaseMap.png
  artifactKey: Guid(8a11d962042b253459a78930f7732013) Importer(815301076,1909f56bfc062723c751e8b465ee728b)
Start importing Assets/Models/Realistic/Textures/FinalIsland/MineCart_BaseMap.png using Guid(8a11d962042b253459a78930f7732013) Importer(815301076,1909f56bfc062723c751e8b465ee728b)  -> (artifact id: '0524fcfb83f504a9751fe1cd168bdbb6') in 0.036727 seconds
Number of updated asset objects reloaded before import = 0
Number of asset objects unloaded after import = 2
========================================================================
Received Import Request.
  Time since last request: 0.000026 seconds.
  path: Assets/Models/Realistic/Textures/FinalIsland/MineCart_Opacity.png
  artifactKey: Guid(f32f1e99e7c9f5f4881ed6615bd5ac71) Importer(815301076,1909f56bfc062723c751e8b465ee728b)
Start importing Assets/Models/Realistic/Textures/FinalIsland/MineCart_Opacity.png using Guid(f32f1e99e7c9f5f4881ed6615bd5ac71) Importer(815301076,1909f56bfc062723c751e8b465ee728b)  -> (artifact id: '1c851705d459a1a50216662d934ea2fd') in 0.039340 seconds
Number of updated asset objects reloaded before import = 0
Number of asset objects unloaded after import = 2
========================================================================
Received Import Request.
  Time since last request: 0.000020 seconds.
  path: Assets/Models/Realistic/Textures/FinalIsland/MineCart_Metalness.png
  artifactKey: Guid(7ebfbda585b0c7849a334c9ffee3c8a7) Importer(815301076,1909f56bfc062723c751e8b465ee728b)
Start importing Assets/Models/Realistic/Textures/FinalIsland/MineCart_Metalness.png using Guid(7ebfbda585b0c7849a334c9ffee3c8a7) Importer(815301076,1909f56bfc062723c751e8b465ee728b)  -> (artifact id: 'd6ea925c0d9bc4319509da6e1578c705') in 0.028960 seconds
Number of updated asset objects reloaded before import = 0
Number of asset objects unloaded after import = 2
========================================================================
Received Import Request.
  Time since last request: 98.828083 seconds.
  path: Assets/FourEvilDragonsHP/Texture/DragonTerrorBringer/GreenHP.png
  artifactKey: Guid(4ef9c4d0fc5de6a47a24a3f2185af46b) Importer(815301076,1909f56bfc062723c751e8b465ee728b)
Start importing Assets/FourEvilDragonsHP/Texture/DragonTerrorBringer/GreenHP.png using Guid(4ef9c4d0fc5de6a47a24a3f2185af46b) Importer(815301076,1909f56bfc062723c751e8b465ee728b)  -> (artifact id: '31b712d4dcfbf07520d2830bae2e4064') in 0.036572 seconds
Number of updated asset objects reloaded before import = 0
Number of asset objects unloaded after import = 2
========================================================================
Received Import Request.
  Time since last request: 0.000022 seconds.
  path: Assets/FourEvilDragonsHP/Texture/DragonSoulEater/GreenHP.png
  artifactKey: Guid(017f8d11e173752489627e4b72684e41) Importer(815301076,1909f56bfc062723c751e8b465ee728b)
Start importing Assets/FourEvilDragonsHP/Texture/DragonSoulEater/GreenHP.png using Guid(017f8d11e173752489627e4b72684e41) Importer(815301076,1909f56bfc062723c751e8b465ee728b)  -> (artifact id: '6892406390dc79b51d197ceab80bc9fd') in 0.046685 seconds
Number of updated asset objects reloaded before import = 0
Number of asset objects unloaded after import = 2
========================================================================
Received Import Request.
  Time since last request: 0.000034 seconds.
  path: Assets/DreamForestTree/Textures/Ground/Ground 1 N.psd
  artifactKey: Guid(a1fb8480cd1b30448a52e6df95f69224) Importer(815301076,1909f56bfc062723c751e8b465ee728b)
Start importing Assets/DreamForestTree/Textures/Ground/Ground 1 N.psd using Guid(a1fb8480cd1b30448a52e6df95f69224) Importer(815301076,1909f56bfc062723c751e8b465ee728b)  -> (artifact id: '3e585ca64529283e68e1c4885819365c') in 0.036731 seconds
Number of updated asset objects reloaded before import = 0
Number of asset objects unloaded after import = 2
========================================================================
Received Import Request.
  Time since last request: 0.000020 seconds.
  path: Assets/FourEvilDragonsHP/Texture/DragonSoulEater/GreyHP.png
  artifactKey: Guid(cccba017d3327554eb393b69a5434097) Importer(815301076,1909f56bfc062723c751e8b465ee728b)
Start importing Assets/FourEvilDragonsHP/Texture/DragonSoulEater/GreyHP.png using Guid(cccba017d3327554eb393b69a5434097) Importer(815301076,1909f56bfc062723c751e8b465ee728b)  -> (artifact id: '9c95501b588daeb11d8919cabe5e9f63') in 0.036830 seconds
Number of updated asset objects reloaded before import = 0
Number of asset objects unloaded after import = 2
========================================================================
Received Import Request.
  Time since last request: 68.731826 seconds.
  path: Assets/Models/Realistic/Textures/FinalIsland/Lilly_alpha.png
  artifactKey: Guid(ee43aef4dfb965143a9eb4b9a9435fae) Importer(815301076,1909f56bfc062723c751e8b465ee728b)
Start importing Assets/Models/Realistic/Textures/FinalIsland/Lilly_alpha.png using Guid(ee43aef4dfb965143a9eb4b9a9435fae) Importer(815301076,1909f56bfc062723c751e8b465ee728b)  -> (artifact id: '2e80a1120388ee0c0406ce14b9af8624') in 0.034498 seconds
Number of updated asset objects reloaded before import = 0
Number of asset objects unloaded after import = 2
========================================================================
Received Import Request.
  Time since last request: 0.000242 seconds.
  path: Assets/Models/Realistic/Textures/FinalIsland/SF_Lillypad_Mat.mat
  artifactKey: Guid(4d4be4d6febc23e41afe800ea4671d1b) Importer(815301076,1909f56bfc062723c751e8b465ee728b)
Start importing Assets/Models/Realistic/Textures/FinalIsland/SF_Lillypad_Mat.mat using Guid(4d4be4d6febc23e41afe800ea4671d1b) Importer(815301076,1909f56bfc062723c751e8b465ee728b)  -> (artifact id: '70e78ac9fabfdeac68ca0cfb4c6ba19b') in 0.020865 seconds
Number of updated asset objects reloaded before import = 0
Number of asset objects unloaded after import = 1
========================================================================
Received Import Request.
  Time since last request: 17.409827 seconds.
  path: Assets/Models/Realistic/Textures/FinalIsland/SF_MineCart_Mat.mat
  artifactKey: Guid(92dc4d8ec84fb6a4aaadc41b7ccb40f5) Importer(815301076,1909f56bfc062723c751e8b465ee728b)
Start importing Assets/Models/Realistic/Textures/FinalIsland/SF_MineCart_Mat.mat using Guid(92dc4d8ec84fb6a4aaadc41b7ccb40f5) Importer(815301076,1909f56bfc062723c751e8b465ee728b)  -> (artifact id: 'dc802264eb3a17296ceeb9134a9f8850') in 0.033690 seconds
Number of updated asset objects reloaded before import = 0
Number of asset objects unloaded after import = 1
========================================================================
Received Import Request.
  Time since last request: 36.860714 seconds.
  path: Assets/Models/Realistic/Textures/FinalIsland/SF_Stalagmites_Mat.mat
  artifactKey: Guid(4dfa76af12b825543becc4b32243c09d) Importer(815301076,1909f56bfc062723c751e8b465ee728b)
Start importing Assets/Models/Realistic/Textures/FinalIsland/SF_Stalagmites_Mat.mat using Guid(4dfa76af12b825543becc4b32243c09d) Importer(815301076,1909f56bfc062723c751e8b465ee728b)  -> (artifact id: 'f1b52c8ba318a21c764baf2e8d914380') in 0.028444 seconds
Number of updated asset objects reloaded before import = 0
Number of asset objects unloaded after import = 1
========================================================================
Received Import Request.
  Time since last request: 41.974349 seconds.
  path: Assets/Models/Realistic/Textures/FinalIsland/SF_TreeLeaf_Mat.mat
  artifactKey: Guid(e0fe8d4e3fd92af4384352a836887f2d) Importer(815301076,1909f56bfc062723c751e8b465ee728b)
Start importing Assets/Models/Realistic/Textures/FinalIsland/SF_TreeLeaf_Mat.mat using Guid(e0fe8d4e3fd92af4384352a836887f2d) Importer(815301076,1909f56bfc062723c751e8b465ee728b)  -> (artifact id: 'eee324d53499d7007a007de2c87b9487') in 0.022603 seconds
Number of updated asset objects reloaded before import = 0
Number of asset objects unloaded after import = 1
========================================================================
Received Import Request.
  Time since last request: 3.853582 seconds.
  path: Assets/Models/Realistic/Textures/FinalIsland/PineTree_Normal.png
  artifactKey: Guid(b72d98775f9ab094d95c25af710bdf62) Importer(815301076,1909f56bfc062723c751e8b465ee728b)
Start importing Assets/Models/Realistic/Textures/FinalIsland/PineTree_Normal.png using Guid(b72d98775f9ab094d95c25af710bdf62) Importer(815301076,1909f56bfc062723c751e8b465ee728b)  -> (artifact id: '1e098280ca2a6f80817bfab1071ce325') in 0.037256 seconds
Number of updated asset objects reloaded before import = 0
Number of asset objects unloaded after import = 2
========================================================================
Received Import Request.
  Time since last request: 0.000052 seconds.
  path: Assets/Models/Realistic/Textures/FinalIsland/SF_TreeWood_Mat.mat
  artifactKey: Guid(651903a4018c8074abde3a5b6fea8731) Importer(815301076,1909f56bfc062723c751e8b465ee728b)
Start importing Assets/Models/Realistic/Textures/FinalIsland/SF_TreeWood_Mat.mat using Guid(651903a4018c8074abde3a5b6fea8731) Importer(815301076,1909f56bfc062723c751e8b465ee728b)  -> (artifact id: '7777d6489390fd1645afc94482c7e8ce') in 0.017199 seconds
Number of updated asset objects reloaded before import = 0
Number of asset objects unloaded after import = 1
========================================================================
Received Import Request.
  Time since last request: 48.079225 seconds.
  path: Assets/Models/Realistic/Textures/FinalIsland/SF_Island_Mat.mat
  artifactKey: Guid(87c996fef643d794f9f8dd325d94576b) Importer(815301076,1909f56bfc062723c751e8b465ee728b)
Start importing Assets/Models/Realistic/Textures/FinalIsland/SF_Island_Mat.mat using Guid(87c996fef643d794f9f8dd325d94576b) Importer(815301076,1909f56bfc062723c751e8b465ee728b)  -> (artifact id: 'bbf29b67437cdc427357096893f6d200') in 0.024217 seconds
Number of updated asset objects reloaded before import = 0
Number of asset objects unloaded after import = 1
========================================================================
Received Import Request.
  Time since last request: 134.806971 seconds.
  path: Assets/Models/Realistic/Textures/FinalIsland/SF_WoodTex_Mat.mat
  artifactKey: Guid(6c9bc69e174740047bc3b1a7f313f257) Importer(815301076,1909f56bfc062723c751e8b465ee728b)
Start importing Assets/Models/Realistic/Textures/FinalIsland/SF_WoodTex_Mat.mat using Guid(6c9bc69e174740047bc3b1a7f313f257) Importer(815301076,1909f56bfc062723c751e8b465ee728b)  -> (artifact id: '778257101c505e04824592bb4947f412') in 0.023388 seconds
Number of updated asset objects reloaded before import = 0
Number of asset objects unloaded after import = 1
========================================================================
Received Import Request.
  Time since last request: 431.727635 seconds.
  path: Assets/Models/Realistic/Final Island.fbx
  artifactKey: Guid(9aa20356e92eb3944812b3c648b7791b) Importer(815301076,1909f56bfc062723c751e8b465ee728b)
Start importing Assets/Models/Realistic/Final Island.fbx using Guid(9aa20356e92eb3944812b3c648b7791b) Importer(815301076,1909f56bfc062723c751e8b465ee728b)  -> (artifact id: 'eeff7110f400b0b4412944bdba13ba82') in 0.555272 seconds
Number of updated asset objects reloaded before import = 0
Number of asset objects unloaded after import = 39
========================================================================
Received Import Request.
  Time since last request: 31.712494 seconds.
  path: Assets/Models/Realistic/Final Island.fbx
  artifactKey: Guid(9aa20356e92eb3944812b3c648b7791b) Importer(815301076,1909f56bfc062723c751e8b465ee728b)
Start importing Assets/Models/Realistic/Final Island.fbx using Guid(9aa20356e92eb3944812b3c648b7791b) Importer(815301076,1909f56bfc062723c751e8b465ee728b)  -> (artifact id: '1a1902d4a26923e8ccd73fc38e2a39ec') in 0.254581 seconds
Number of updated asset objects reloaded before import = 0
Number of asset objects unloaded after import = 39
========================================================================
Received Import Request.
  Time since last request: 15.381160 seconds.
  path: Assets/Models/Realistic/Final Island.fbx
  artifactKey: Guid(9aa20356e92eb3944812b3c648b7791b) Importer(815301076,1909f56bfc062723c751e8b465ee728b)
Start importing Assets/Models/Realistic/Final Island.fbx using Guid(9aa20356e92eb3944812b3c648b7791b) Importer(815301076,1909f56bfc062723c751e8b465ee728b)  -> (artifact id: '37360283d2405f3b16dc9ee7cc22852b') in 0.156077 seconds
Number of updated asset objects reloaded before import = 0
Number of asset objects unloaded after import = 39
========================================================================
Received Prepare
Begin MonoManager ReloadAssembly
Symbol file LoadedFromMemory is not a mono symbol file
- Loaded All Assemblies, in  2.799 seconds
Refreshing native plugins compatible for Editor in 14.27 ms, found 3 plugins.
Native extension for WindowsStandalone target not found
Native extension for Android target not found
Native extension for WebGL target not found
[Package Manager] Server::EnsureServerProcessIsRunning -- launch failed, reason: Unity was launched with the -noUpm command-line argument
[Package Manager] UpmClient::Send -- Unable to send message (not connected to UPM process).
[Package Manager] Cannot connect to Unity Package Manager local server
Mono: successfully reloaded assembly
- Finished resetting the current domain, in  2.666 seconds
Domain Reload Profiling: 5457ms
	BeginReloadAssembly (1362ms)
		ExecutionOrderSort (0ms)
		DisableScriptedObjects (19ms)
		BackupInstance (0ms)
		ReleaseScriptingObjects (1ms)
		CreateAndSetChildDomain (931ms)
	RebuildCommonClasses (65ms)
	RebuildNativeTypeToScriptingClass (15ms)
	initialDomainReloadingComplete (63ms)
	LoadAllAssembliesAndSetupDomain (1287ms)
		LoadAssemblies (1530ms)
		RebuildTransferFunctionScriptingTraits (0ms)
		AnalyzeDomain (37ms)
			TypeCache.Refresh (22ms)
				TypeCache.ScanAssembly (0ms)
			ScanForSourceGeneratedMonoScriptInfo (0ms)
			ResolveRequiredComponents (13ms)
	FinalizeReload (2667ms)
		ReleaseScriptCaches (0ms)
		RebuildScriptCaches (0ms)
		SetupLoadedEditorAssemblies (846ms)
			LogAssemblyErrors (0ms)
			InitializePlatformSupportModulesInManaged (45ms)
			SetLoadedEditorAssemblies (8ms)
			RefreshPlugins (0ms)
			BeforeProcessingInitializeOnLoad (111ms)
			ProcessInitializeOnLoadAttributes (481ms)
			ProcessInitializeOnLoadMethodAttributes (187ms)
			AfterProcessingInitializeOnLoad (12ms)
			EditorAssembliesLoaded (1ms)
		ExecutionOrderSort2 (0ms)
		AwakeInstancesAfterBackupRestoration (7ms)
Refreshing native plugins compatible for Editor in 29.66 ms, found 3 plugins.
Preloading 0 native plugins for Editor in 0.00 ms.
Unloading 4518 Unused Serialized files (Serialized files now loaded: 0)
Unloading 73 unused Assets / (1.2 MB). Loaded Objects now: 5135.
Memory consumption went from 176.0 MB to 174.8 MB.
Total: 16.530700 ms (FindLiveObjects: 0.892900 ms CreateObjectMapping: 0.496300 ms MarkObjects: 13.723800 ms  DeleteObjects: 1.416200 ms)

Prepare: number of updated asset objects reloaded= 0
AssetImportParameters requested are different than current active one (requested -> active):
  custom:container-demuxer-ogg: 62fdf1f143b41e24485cea50d1cbac27 -> 
  custom:video-codec-MediaFoundation-h265: 746d11721c4dcdbdad8f713fa42b33f4 -> 
  custom:video-decoder-ogg-theora: a1e56fd34408186e4bbccfd4996cb3dc -> 
  custom:framework-win-MediaFoundation: 216162199b28c13a410421893ffa2e32 -> 
  custom:CustomObjectIndexerAttribute: 756ad292c208cfabdd7b50bc23989ffe -> 
  custom:container-demuxer-webm: 4f35f7cbe854078d1ac9338744f61a02 -> 
  custom:container-muxer-webm: aa71ff27fc2769a1b78a27578f13a17b -> 
  custom:video-decoder-webm-vp8: 9c59270c3fd7afecdb556c50c9e8de78 -> 
  custom:SearchIndexIgnoredProperties: e643bd26f0fe6173181afceb89e7c659 -> 
  custom:AudioImporter_EditorPlatform: d09bf68614088b80899f8185d706f6e7 -> 
  custom:video-encoder-webm-vp8: eb34c28f22e8b96e1ab97ce403110664 -> 
  custom:audio-decoder-ogg-vorbis: bf7c407c2cedff20999df2af8eb42d56 -> 
  custom:audio-encoder-webm-vorbis: bf7c407c2cedff20999df2af8eb42d56 -> 
========================================================================
Received Prepare
Begin MonoManager ReloadAssembly
Symbol file LoadedFromMemory is not a mono symbol file
- Loaded All Assemblies, in  0.872 seconds
Refreshing native plugins compatible for Editor in 13.14 ms, found 3 plugins.
Native extension for WindowsStandalone target not found
Native extension for Android target not found
Native extension for WebGL target not found
[Package Manager] Server::EnsureServerProcessIsRunning -- launch failed, reason: Unity was launched with the -noUpm command-line argument
[Package Manager] UpmClient::Send -- Unable to send message (not connected to UPM process).
[Package Manager] Cannot connect to Unity Package Manager local server
Mono: successfully reloaded assembly
- Finished resetting the current domain, in  2.175 seconds
Domain Reload Profiling: 3041ms
	BeginReloadAssembly (241ms)
		ExecutionOrderSort (0ms)
		DisableScriptedObjects (5ms)
		BackupInstance (0ms)
		ReleaseScriptingObjects (1ms)
		CreateAndSetChildDomain (60ms)
	RebuildCommonClasses (42ms)
	RebuildNativeTypeToScriptingClass (15ms)
	initialDomainReloadingComplete (48ms)
	LoadAllAssembliesAndSetupDomain (519ms)
		LoadAssemblies (639ms)
		RebuildTransferFunctionScriptingTraits (0ms)
		AnalyzeDomain (17ms)
			TypeCache.Refresh (7ms)
				TypeCache.ScanAssembly (0ms)
			ScanForSourceGeneratedMonoScriptInfo (0ms)
			ResolveRequiredComponents (8ms)
	FinalizeReload (2176ms)
		ReleaseScriptCaches (0ms)
		RebuildScriptCaches (0ms)
		SetupLoadedEditorAssemblies (752ms)
			LogAssemblyErrors (0ms)
			InitializePlatformSupportModulesInManaged (30ms)
			SetLoadedEditorAssemblies (6ms)
			RefreshPlugins (0ms)
			BeforeProcessingInitializeOnLoad (101ms)
			ProcessInitializeOnLoadAttributes (415ms)
			ProcessInitializeOnLoadMethodAttributes (188ms)
			AfterProcessingInitializeOnLoad (12ms)
			EditorAssembliesLoaded (0ms)
		ExecutionOrderSort2 (0ms)
		AwakeInstancesAfterBackupRestoration (8ms)
Refreshing native plugins compatible for Editor in 15.06 ms, found 3 plugins.
Preloading 0 native plugins for Editor in 0.00 ms.
Unloading 4519 Unused Serialized files (Serialized files now loaded: 0)
Unloading 73 unused Assets / (1.2 MB). Loaded Objects now: 5150.
Memory consumption went from 176.3 MB to 175.1 MB.
Total: 9.991100 ms (FindLiveObjects: 0.419600 ms CreateObjectMapping: 0.428000 ms MarkObjects: 8.652000 ms  DeleteObjects: 0.490500 ms)

Prepare: number of updated asset objects reloaded= 0
AssetImportParameters requested are different than current active one (requested -> active):
  custom:container-demuxer-ogg: 62fdf1f143b41e24485cea50d1cbac27 -> 
  custom:video-codec-MediaFoundation-h265: 746d11721c4dcdbdad8f713fa42b33f4 -> 
  custom:video-decoder-ogg-theora: a1e56fd34408186e4bbccfd4996cb3dc -> 
  custom:framework-win-MediaFoundation: 216162199b28c13a410421893ffa2e32 -> 
  custom:CustomObjectIndexerAttribute: 756ad292c208cfabdd7b50bc23989ffe -> 
  custom:container-demuxer-webm: 4f35f7cbe854078d1ac9338744f61a02 -> 
  custom:container-muxer-webm: aa71ff27fc2769a1b78a27578f13a17b -> 
  custom:video-decoder-webm-vp8: 9c59270c3fd7afecdb556c50c9e8de78 -> 
  custom:SearchIndexIgnoredProperties: e643bd26f0fe6173181afceb89e7c659 -> 
  custom:AudioImporter_EditorPlatform: d09bf68614088b80899f8185d706f6e7 -> 
  custom:video-encoder-webm-vp8: eb34c28f22e8b96e1ab97ce403110664 -> 
  custom:audio-decoder-ogg-vorbis: bf7c407c2cedff20999df2af8eb42d56 -> 
  custom:audio-encoder-webm-vorbis: bf7c407c2cedff20999df2af8eb42d56 -> 
========================================================================
Received Import Request.
  Time since last request: 171.791318 seconds.
  path: Assets/Models/Realistic/Final Island.fbx
  artifactKey: Guid(9aa20356e92eb3944812b3c648b7791b) Importer(815301076,1909f56bfc062723c751e8b465ee728b)
Start importing Assets/Models/Realistic/Final Island.fbx using Guid(9aa20356e92eb3944812b3c648b7791b) Importer(815301076,1909f56bfc062723c751e8b465ee728b)  -> (artifact id: 'f32af59bef59a731ef90f0e2215d1afd') in 0.822977 seconds
Number of updated asset objects reloaded before import = 0
Number of asset objects unloaded after import = 118
========================================================================
Received Import Request.
  Time since last request: 25.410791 seconds.
  path: Assets/Models/Realistic/MH.fbx
  artifactKey: Guid(b1575af0a4122424fada04c927b518ae) Importer(815301076,1909f56bfc062723c751e8b465ee728b)
Start importing Assets/Models/Realistic/MH.fbx using Guid(b1575af0a4122424fada04c927b518ae) Importer(815301076,1909f56bfc062723c751e8b465ee728b)  -> (artifact id: '5ab570332f1ad6d83b770e44b5e9504b') in 1.975982 seconds
Number of updated asset objects reloaded before import = 0
Number of asset objects unloaded after import = 1239
========================================================================
Received Prepare
Begin MonoManager ReloadAssembly
Symbol file LoadedFromMemory is not a mono symbol file
- Loaded All Assemblies, in  0.749 seconds
Refreshing native plugins compatible for Editor in 16.04 ms, found 3 plugins.
Native extension for WindowsStandalone target not found
Native extension for Android target not found
Native extension for WebGL target not found
[Package Manager] Server::EnsureServerProcessIsRunning -- launch failed, reason: Unity was launched with the -noUpm command-line argument
[Package Manager] UpmClient::Send -- Unable to send message (not connected to UPM process).
[Package Manager] Cannot connect to Unity Package Manager local server
Mono: successfully reloaded assembly
- Finished resetting the current domain, in  2.361 seconds
Domain Reload Profiling: 3104ms
	BeginReloadAssembly (211ms)
		ExecutionOrderSort (0ms)
		DisableScriptedObjects (5ms)
		BackupInstance (0ms)
		ReleaseScriptingObjects (0ms)
		CreateAndSetChildDomain (53ms)
	RebuildCommonClasses (40ms)
	RebuildNativeTypeToScriptingClass (12ms)
	initialDomainReloadingComplete (36ms)
	LoadAllAssembliesAndSetupDomain (444ms)
		LoadAssemblies (538ms)
		RebuildTransferFunctionScriptingTraits (0ms)
		AnalyzeDomain (24ms)
			TypeCache.Refresh (14ms)
				TypeCache.ScanAssembly (0ms)
			ScanForSourceGeneratedMonoScriptInfo (0ms)
			ResolveRequiredComponents (9ms)
	FinalizeReload (2362ms)
		ReleaseScriptCaches (0ms)
		RebuildScriptCaches (0ms)
		SetupLoadedEditorAssemblies (795ms)
			LogAssemblyErrors (0ms)
			InitializePlatformSupportModulesInManaged (41ms)
			SetLoadedEditorAssemblies (8ms)
			RefreshPlugins (0ms)
			BeforeProcessingInitializeOnLoad (123ms)
			ProcessInitializeOnLoadAttributes (413ms)
			ProcessInitializeOnLoadMethodAttributes (193ms)
			AfterProcessingInitializeOnLoad (16ms)
			EditorAssembliesLoaded (0ms)
		ExecutionOrderSort2 (0ms)
		AwakeInstancesAfterBackupRestoration (7ms)
Refreshing native plugins compatible for Editor in 19.37 ms, found 3 plugins.
Preloading 0 native plugins for Editor in 0.00 ms.
Unloading 4518 Unused Serialized files (Serialized files now loaded: 0)
Unloading 73 unused Assets / (1.2 MB). Loaded Objects now: 5165.
Memory consumption went from 176.9 MB to 175.7 MB.
Total: 12.132000 ms (FindLiveObjects: 0.719400 ms CreateObjectMapping: 0.514100 ms MarkObjects: 10.254900 ms  DeleteObjects: 0.642000 ms)

Prepare: number of updated asset objects reloaded= 0
AssetImportParameters requested are different than current active one (requested -> active):
  custom:container-demuxer-ogg: 62fdf1f143b41e24485cea50d1cbac27 -> 
  custom:video-codec-MediaFoundation-h265: 746d11721c4dcdbdad8f713fa42b33f4 -> 
  custom:video-decoder-ogg-theora: a1e56fd34408186e4bbccfd4996cb3dc -> 
  custom:framework-win-MediaFoundation: 216162199b28c13a410421893ffa2e32 -> 
  custom:CustomObjectIndexerAttribute: 756ad292c208cfabdd7b50bc23989ffe -> 
  custom:container-demuxer-webm: 4f35f7cbe854078d1ac9338744f61a02 -> 
  custom:container-muxer-webm: aa71ff27fc2769a1b78a27578f13a17b -> 
  custom:video-decoder-webm-vp8: 9c59270c3fd7afecdb556c50c9e8de78 -> 
  custom:SearchIndexIgnoredProperties: e643bd26f0fe6173181afceb89e7c659 -> 
  custom:AudioImporter_EditorPlatform: d09bf68614088b80899f8185d706f6e7 -> 
  custom:video-encoder-webm-vp8: eb34c28f22e8b96e1ab97ce403110664 -> 
  custom:audio-decoder-ogg-vorbis: bf7c407c2cedff20999df2af8eb42d56 -> 
  custom:audio-encoder-webm-vorbis: bf7c407c2cedff20999df2af8eb42d56 -> 
========================================================================
Received Prepare
Begin MonoManager ReloadAssembly
Symbol file LoadedFromMemory is not a mono symbol file
- Loaded All Assemblies, in  0.681 seconds
Refreshing native plugins compatible for Editor in 17.88 ms, found 3 plugins.
Native extension for WindowsStandalone target not found
Native extension for Android target not found
Native extension for WebGL target not found
[Package Manager] Server::EnsureServerProcessIsRunning -- launch failed, reason: Unity was launched with the -noUpm command-line argument
[Package Manager] UpmClient::Send -- Unable to send message (not connected to UPM process).
[Package Manager] Cannot connect to Unity Package Manager local server
Mono: successfully reloaded assembly
- Finished resetting the current domain, in  1.827 seconds
Domain Reload Profiling: 2502ms
	BeginReloadAssembly (201ms)
		ExecutionOrderSort (0ms)
		DisableScriptedObjects (5ms)
		BackupInstance (0ms)
		ReleaseScriptingObjects (0ms)
		CreateAndSetChildDomain (51ms)
	RebuildCommonClasses (46ms)
	RebuildNativeTypeToScriptingClass (13ms)
	initialDomainReloadingComplete (39ms)
	LoadAllAssembliesAndSetupDomain (377ms)
		LoadAssemblies (457ms)
		RebuildTransferFunctionScriptingTraits (0ms)
		AnalyzeDomain (23ms)
			TypeCache.Refresh (12ms)
				TypeCache.ScanAssembly (0ms)
			ScanForSourceGeneratedMonoScriptInfo (0ms)
			ResolveRequiredComponents (8ms)
	FinalizeReload (1827ms)
		ReleaseScriptCaches (0ms)
		RebuildScriptCaches (0ms)
		SetupLoadedEditorAssemblies (858ms)
			LogAssemblyErrors (0ms)
			InitializePlatformSupportModulesInManaged (43ms)
			SetLoadedEditorAssemblies (5ms)
			RefreshPlugins (0ms)
			BeforeProcessingInitializeOnLoad (117ms)
			ProcessInitializeOnLoadAttributes (468ms)
			ProcessInitializeOnLoadMethodAttributes (208ms)
			AfterProcessingInitializeOnLoad (17ms)
			EditorAssembliesLoaded (1ms)
		ExecutionOrderSort2 (0ms)
		AwakeInstancesAfterBackupRestoration (8ms)
Refreshing native plugins compatible for Editor in 16.00 ms, found 3 plugins.
Preloading 0 native plugins for Editor in 0.00 ms.
Unloading 4519 Unused Serialized files (Serialized files now loaded: 0)
Unloading 73 unused Assets / (1.2 MB). Loaded Objects now: 5180.
Memory consumption went from 177.2 MB to 176.0 MB.
Total: 11.619600 ms (FindLiveObjects: 0.427700 ms CreateObjectMapping: 0.407100 ms MarkObjects: 10.248300 ms  DeleteObjects: 0.535400 ms)

Prepare: number of updated asset objects reloaded= 0
AssetImportParameters requested are different than current active one (requested -> active):
  custom:container-demuxer-ogg: 62fdf1f143b41e24485cea50d1cbac27 -> 
  custom:video-codec-MediaFoundation-h265: 746d11721c4dcdbdad8f713fa42b33f4 -> 
  custom:video-decoder-ogg-theora: a1e56fd34408186e4bbccfd4996cb3dc -> 
  custom:framework-win-MediaFoundation: 216162199b28c13a410421893ffa2e32 -> 
  custom:CustomObjectIndexerAttribute: 756ad292c208cfabdd7b50bc23989ffe -> 
  custom:container-demuxer-webm: 4f35f7cbe854078d1ac9338744f61a02 -> 
  custom:container-muxer-webm: aa71ff27fc2769a1b78a27578f13a17b -> 
  custom:video-decoder-webm-vp8: 9c59270c3fd7afecdb556c50c9e8de78 -> 
  custom:SearchIndexIgnoredProperties: e643bd26f0fe6173181afceb89e7c659 -> 
  custom:AudioImporter_EditorPlatform: d09bf68614088b80899f8185d706f6e7 -> 
  custom:video-encoder-webm-vp8: eb34c28f22e8b96e1ab97ce403110664 -> 
  custom:audio-decoder-ogg-vorbis: bf7c407c2cedff20999df2af8eb42d56 -> 
  custom:audio-encoder-webm-vorbis: bf7c407c2cedff20999df2af8eb42d56 -> 
========================================================================
Received Import Request.
  Time since last request: 126.618093 seconds.
  path: Assets/Models/Realistic/Textures/FinalIsland/SF_Bush_Mat.mat
  artifactKey: Guid(d923ea45f1ea05e4ca1030b9eb2000fb) Importer(815301076,1909f56bfc062723c751e8b465ee728b)
Start importing Assets/Models/Realistic/Textures/FinalIsland/SF_Bush_Mat.mat using Guid(d923ea45f1ea05e4ca1030b9eb2000fb) Importer(815301076,1909f56bfc062723c751e8b465ee728b)  -> (artifact id: 'e8bc1ab90899d1c3aeb6a27d790da2ce') in 0.155562 seconds
Number of updated asset objects reloaded before import = 0
Number of asset objects unloaded after import = 4
========================================================================
Received Import Request.
  Time since last request: 0.000048 seconds.
  path: Assets/Models/Realistic/Textures/FinalIsland/SF_Lamp_Mat.mat
  artifactKey: Guid(f14d81726f6091a459473c3c79e544e1) Importer(815301076,1909f56bfc062723c751e8b465ee728b)
Start importing Assets/Models/Realistic/Textures/FinalIsland/SF_Lamp_Mat.mat using Guid(f14d81726f6091a459473c3c79e544e1) Importer(815301076,1909f56bfc062723c751e8b465ee728b)  -> (artifact id: 'f3be1632b05b8787a3acf11047d49ccd') in 0.109382 seconds
Number of updated asset objects reloaded before import = 0
Number of asset objects unloaded after import = 6
========================================================================
Received Import Request.
  Time since last request: 0.000039 seconds.
  path: Assets/Models/Realistic/Textures/FinalIsland/SF_MineCart_Mat.mat
  artifactKey: Guid(92dc4d8ec84fb6a4aaadc41b7ccb40f5) Importer(815301076,1909f56bfc062723c751e8b465ee728b)
Start importing Assets/Models/Realistic/Textures/FinalIsland/SF_MineCart_Mat.mat using Guid(92dc4d8ec84fb6a4aaadc41b7ccb40f5) Importer(815301076,1909f56bfc062723c751e8b465ee728b)  -> (artifact id: 'fd8293fdab7a60940ac673e288dadcbf') in 0.067839 seconds
Number of updated asset objects reloaded before import = 0
Number of asset objects unloaded after import = 6
========================================================================
Received Import Request.
  Time since last request: 0.000039 seconds.
  path: Assets/Models/Realistic/Textures/FinalIsland/SF_Rail_Mat.mat
  artifactKey: Guid(6a5c0414fe1921043a4b9a9b79302e4d) Importer(815301076,1909f56bfc062723c751e8b465ee728b)
Start importing Assets/Models/Realistic/Textures/FinalIsland/SF_Rail_Mat.mat using Guid(6a5c0414fe1921043a4b9a9b79302e4d) Importer(815301076,1909f56bfc062723c751e8b465ee728b)  -> (artifact id: 'd43e886b33e9fb32feef1fdd46e9d53f') in 0.053555 seconds
Number of updated asset objects reloaded before import = 0
Number of asset objects unloaded after import = 5
========================================================================
Received Import Request.
  Time since last request: 0.000022 seconds.
  path: Assets/Models/Realistic/Textures/FinalIsland/SF_Grass_Mat.mat
  artifactKey: Guid(4a9955395ea9e0a489a206bb3482471a) Importer(815301076,1909f56bfc062723c751e8b465ee728b)
Start importing Assets/Models/Realistic/Textures/FinalIsland/SF_Grass_Mat.mat using Guid(4a9955395ea9e0a489a206bb3482471a) Importer(815301076,1909f56bfc062723c751e8b465ee728b)  -> (artifact id: 'a64113738dd2ee57c39041c055830329') in 0.050376 seconds
Number of updated asset objects reloaded before import = 0
Number of asset objects unloaded after import = 5
========================================================================
Received Import Request.
  Time since last request: 0.000031 seconds.
  path: Assets/Models/Realistic/Textures/FinalIsland/SF_PlasterTex_Mat.mat
  artifactKey: Guid(aa7db9010e8ac6a4b8075d1099e2d198) Importer(815301076,1909f56bfc062723c751e8b465ee728b)
Start importing Assets/Models/Realistic/Textures/FinalIsland/SF_PlasterTex_Mat.mat using Guid(aa7db9010e8ac6a4b8075d1099e2d198) Importer(815301076,1909f56bfc062723c751e8b465ee728b)  -> (artifact id: '506f7318f03ec361e0211151d9acbf1d') in 0.027405 seconds
Number of updated asset objects reloaded before import = 0
Number of asset objects unloaded after import = 4
========================================================================
Received Import Request.
  Time since last request: 0.000032 seconds.
  path: Assets/Models/Realistic/Textures/FinalIsland/SF_HouseSupport_Mat.mat
  artifactKey: Guid(015e8fdc94345204bac25c11d3db0dcb) Importer(815301076,1909f56bfc062723c751e8b465ee728b)
Start importing Assets/Models/Realistic/Textures/FinalIsland/SF_HouseSupport_Mat.mat using Guid(015e8fdc94345204bac25c11d3db0dcb) Importer(815301076,1909f56bfc062723c751e8b465ee728b)  -> (artifact id: '3240b22780d1ed7477f1cb61e4cc95ae') in 0.055721 seconds
Number of updated asset objects reloaded before import = 0
Number of asset objects unloaded after import = 5
========================================================================
Received Import Request.
  Time since last request: 0.000114 seconds.
  path: Assets/Models/Realistic/Textures/FinalIsland/SF_GrassCards_Mat.mat
  artifactKey: Guid(100eacd47c7b101418e9c14c99728cbd) Importer(815301076,1909f56bfc062723c751e8b465ee728b)
Start importing Assets/Models/Realistic/Textures/FinalIsland/SF_GrassCards_Mat.mat using Guid(100eacd47c7b101418e9c14c99728cbd) Importer(815301076,1909f56bfc062723c751e8b465ee728b)  -> (artifact id: '2ab886ed5df174c0d381be7001a87b23') in 0.032759 seconds
Number of updated asset objects reloaded before import = 0
Number of asset objects unloaded after import = 4
========================================================================
Received Import Request.
  Time since last request: 3.618186 seconds.
  path: Assets/Unity Technologies/CarsAssetPack/Models/FBX/Ground.fbx
  artifactKey: Guid(e5ea04c273beb8a4296bfcfdecdac92f) Importer(815301076,1909f56bfc062723c751e8b465ee728b)
Start importing Assets/Unity Technologies/CarsAssetPack/Models/FBX/Ground.fbx using Guid(e5ea04c273beb8a4296bfcfdecdac92f) Importer(815301076,1909f56bfc062723c751e8b465ee728b)  -> (artifact id: '4089086b6fba232bac7c942642728434') in 0.099450 seconds
Number of updated asset objects reloaded before import = 0
Number of asset objects unloaded after import = 9
========================================================================
Received Import Request.
  Time since last request: 0.000066 seconds.
  path: Assets/Unity Technologies/CarsAssetPack/Models/FBX/Car-8.fbx
  artifactKey: Guid(344d33e51fe319c4c9568dabc486c3ff) Importer(815301076,1909f56bfc062723c751e8b465ee728b)
Start importing Assets/Unity Technologies/CarsAssetPack/Models/FBX/Car-8.fbx using Guid(344d33e51fe319c4c9568dabc486c3ff) Importer(815301076,1909f56bfc062723c751e8b465ee728b)  -> (artifact id: '681559c6cf554ecdf0d98f36728fc5db') in 0.074905 seconds
Number of updated asset objects reloaded before import = 0
Number of asset objects unloaded after import = 12
========================================================================
Received Import Request.
  Time since last request: 0.000025 seconds.
  path: Assets/Unity Technologies/CarsAssetPack/Models/FBX/Car-6.fbx
  artifactKey: Guid(7b6af8d7ab64e2946ae0f0cee1c0b623) Importer(815301076,1909f56bfc062723c751e8b465ee728b)
Start importing Assets/Unity Technologies/CarsAssetPack/Models/FBX/Car-6.fbx using Guid(7b6af8d7ab64e2946ae0f0cee1c0b623) Importer(815301076,1909f56bfc062723c751e8b465ee728b)  -> (artifact id: '6d27360038930db2b048ba71d7e6bed6') in 0.078883 seconds
Number of updated asset objects reloaded before import = 0
Number of asset objects unloaded after import = 13
========================================================================
Received Import Request.
  Time since last request: 1.175165 seconds.
  path: Assets/BrokenVector/LowPolyCarPack/ExampleAssets/Models/Materials/bluegreen.mat
  artifactKey: Guid(2f741ca76d5d14241b47bc6e8c2a42c8) Importer(815301076,1909f56bfc062723c751e8b465ee728b)
Start importing Assets/BrokenVector/LowPolyCarPack/ExampleAssets/Models/Materials/bluegreen.mat using Guid(2f741ca76d5d14241b47bc6e8c2a42c8) Importer(815301076,1909f56bfc062723c751e8b465ee728b)  -> (artifact id: '8c60d1567f11866bb73c97ce0da06dc4') in 0.017391 seconds
Number of updated asset objects reloaded before import = 0
Number of asset objects unloaded after import = 1
========================================================================
Received Import Request.
  Time since last request: 0.000047 seconds.
  path: Assets/BrokenVector/LowPolyCarPack/Materials/Unlit/Car_Paint_Green_Unlit.mat
  artifactKey: Guid(f53167daf8f01e34c963df78be8509fd) Importer(815301076,1909f56bfc062723c751e8b465ee728b)
Start importing Assets/BrokenVector/LowPolyCarPack/Materials/Unlit/Car_Paint_Green_Unlit.mat using Guid(f53167daf8f01e34c963df78be8509fd) Importer(815301076,1909f56bfc062723c751e8b465ee728b)  -> (artifact id: '96036ed8bc9acb8134c70089142b1de8') in 0.143745 seconds
Number of updated asset objects reloaded before import = 0
Number of asset objects unloaded after import = 2
========================================================================
Received Import Request.
  Time since last request: 75.754763 seconds.
  path: Assets/Unity Technologies/CarsAssetPack/Models/FBX/Car-2.fbx
  artifactKey: Guid(3708f9167acc1b441a8e7d5b4e9ff129) Importer(815301076,1909f56bfc062723c751e8b465ee728b)
Start importing Assets/Unity Technologies/CarsAssetPack/Models/FBX/Car-2.fbx using Guid(3708f9167acc1b441a8e7d5b4e9ff129) Importer(815301076,1909f56bfc062723c751e8b465ee728b)  -> (artifact id: '755b4d8c8a69f00f97290436a157114c') in 0.104743 seconds
Number of updated asset objects reloaded before import = 0
Number of asset objects unloaded after import = 13
========================================================================
Received Import Request.
  Time since last request: 0.000039 seconds.
  path: Assets/ZRNAssets/005339_08932_25_14/Textures/00_TexturesPlus/Materials/building-2.mat
  artifactKey: Guid(668d9545c223a4fd4995859f1aef9421) Importer(815301076,1909f56bfc062723c751e8b465ee728b)
Start importing Assets/ZRNAssets/005339_08932_25_14/Textures/00_TexturesPlus/Materials/building-2.mat using Guid(668d9545c223a4fd4995859f1aef9421) Importer(815301076,1909f56bfc062723c751e8b465ee728b)  -> (artifact id: 'adc9b37ae13b108b3c2295966872c478') in 0.033319 seconds
Number of updated asset objects reloaded before import = 0
Number of asset objects unloaded after import = 2
========================================================================
Received Import Request.
  Time since last request: 0.000043 seconds.
  path: Assets/Models/Factory/Textures/Prop/Apollo_HighTower_SLC_POIsign.mat
  artifactKey: Guid(f6b7fd91419dcf84393a0eb4ee55583d) Importer(815301076,1909f56bfc062723c751e8b465ee728b)
Start importing Assets/Models/Factory/Textures/Prop/Apollo_HighTower_SLC_POIsign.mat using Guid(f6b7fd91419dcf84393a0eb4ee55583d) Importer(815301076,1909f56bfc062723c751e8b465ee728b)  -> (artifact id: '17994363831cf582ff3420072967ce99') in 0.027175 seconds
Number of updated asset objects reloaded before import = 0
Number of asset objects unloaded after import = 2
Editor requested this worker to shutdown with reason: Scaling down because of idle timeout
TcpMessagingSession - receive error: operation aborted. errorcode: 995, details: The I/O operation has been aborted because of either a thread exit or an application request.
AssetImportWorker is now disconnected from the server
Process exiting
Exiting without the bug reporter. Application will terminate with return code 0