Using pre-set license
Built from '2022.3/staging' branch; Version is '2022.3.9f1 (ea401c316338) revision 15351836'; Using compiler version '192829333'; Build Type 'Release'
OS: 'Windows 11  (10.0.22621) 64bit CoreSingleLanguage' Language: 'en' Physical Memory: 7985 MB
BatchMode: 1, IsHumanControllingUs: 0, StartBugReporterOnCrash: 0, Is64bit: 1, IsPro: 1

COMMAND LINE ARGUMENTS:
C:\Program Files\Unity\Hub\Editor\2022.3.9f1\Editor\Unity.exe
-adb2
-batchMode
-noUpm
-name
AssetImportWorker7
-projectPath
C:/Users/USER/Documents/GitHub/OnlyUp
-logFile
Logs/AssetImportWorker7.log
-srvPort
61192
Successfully changed project path to: C:/Users/USER/Documents/GitHub/OnlyUp
C:/Users/USER/Documents/GitHub/OnlyUp
[UnityMemory] Configuration Parameters - Can be set up in boot.config
    "memorysetup-bucket-allocator-granularity=16"
    "memorysetup-bucket-allocator-bucket-count=8"
    "memorysetup-bucket-allocator-block-size=33554432"
    "memorysetup-bucket-allocator-block-count=8"
    "memorysetup-main-allocator-block-size=16777216"
    "memorysetup-thread-allocator-block-size=16777216"
    "memorysetup-gfx-main-allocator-block-size=16777216"
    "memorysetup-gfx-thread-allocator-block-size=16777216"
    "memorysetup-cache-allocator-block-size=4194304"
    "memorysetup-typetree-allocator-block-size=2097152"
    "memorysetup-profiler-bucket-allocator-granularity=16"
    "memorysetup-profiler-bucket-allocator-bucket-count=8"
    "memorysetup-profiler-bucket-allocator-block-size=33554432"
    "memorysetup-profiler-bucket-allocator-block-count=8"
    "memorysetup-profiler-allocator-block-size=16777216"
    "memorysetup-profiler-editor-allocator-block-size=1048576"
    "memorysetup-temp-allocator-size-main=16777216"
    "memorysetup-job-temp-allocator-block-size=2097152"
    "memorysetup-job-temp-allocator-block-size-background=1048576"
    "memorysetup-job-temp-allocator-reduction-small-platforms=262144"
    "memorysetup-allocator-temp-initial-block-size-main=262144"
    "memorysetup-allocator-temp-initial-block-size-worker=262144"
    "memorysetup-temp-allocator-size-background-worker=32768"
    "memorysetup-temp-allocator-size-job-worker=262144"
    "memorysetup-temp-allocator-size-preload-manager=33554432"
    "memorysetup-temp-allocator-size-nav-mesh-worker=65536"
    "memorysetup-temp-allocator-size-audio-worker=65536"
    "memorysetup-temp-allocator-size-cloud-worker=32768"
    "memorysetup-temp-allocator-size-gi-baking-worker=262144"
    "memorysetup-temp-allocator-size-gfx=262144"
Player connection [22156] Host "[IP] 172.17.112.1 [Port] 0 [Flags] 2 [Guid] 571553478 [EditorId] 571553478 [Version] 1048832 [Id] WindowsEditor(7,DESKTOP-Q8NOVRR) [Debug] 1 [PackageName] WindowsEditor [ProjectName] Editor" joined multi-casting on [225.0.0.222:54997]...

Player connection [22156] Host "[IP] 172.17.112.1 [Port] 0 [Flags] 2 [Guid] 571553478 [EditorId] 571553478 [Version] 1048832 [Id] WindowsEditor(7,DESKTOP-Q8NOVRR) [Debug] 1 [PackageName] WindowsEditor [ProjectName] Editor" joined alternative multi-casting on [225.0.0.222:34997]...

[Physics::Module] Initialized MultithreadedJobDispatcher with 11 workers.
Refreshing native plugins compatible for Editor in 32.91 ms, found 3 plugins.
Preloading 0 native plugins for Editor in 0.00 ms.
Initialize engine version: 2022.3.9f1 (ea401c316338)
[Subsystems] Discovering subsystems at path C:/Program Files/Unity/Hub/Editor/2022.3.9f1/Editor/Data/Resources/UnitySubsystems
[Subsystems] Discovering subsystems at path C:/Users/USER/Documents/GitHub/OnlyUp/Assets
GfxDevice: creating device client; threaded=0; jobified=0
Direct3D:
    Version:  Direct3D 11.0 [level 11.1]
    Renderer: NVIDIA GeForce GTX 1650 Ti (ID=0x1f95)
    Vendor:   NVIDIA
    VRAM:     3962 MB
    Driver:   30.0.15.1272
Initialize mono
Mono path[0] = 'C:/Program Files/Unity/Hub/Editor/2022.3.9f1/Editor/Data/Managed'
Mono path[1] = 'C:/Program Files/Unity/Hub/Editor/2022.3.9f1/Editor/Data/MonoBleedingEdge/lib/mono/unityjit-win32'
Mono config path = 'C:/Program Files/Unity/Hub/Editor/2022.3.9f1/Editor/Data/MonoBleedingEdge/etc'
Using monoOptions --debugger-agent=transport=dt_socket,embedding=1,server=y,suspend=n,address=127.0.0.1:56684
Begin MonoManager ReloadAssembly
Registering precompiled unity dll's ...
Register platform support module: C:/Program Files/Unity/Hub/Editor/2022.3.9f1/Editor/Data/PlaybackEngines/WebGLSupport/UnityEditor.WebGL.Extensions.dll
Register platform support module: C:/Program Files/Unity/Hub/Editor/2022.3.9f1/Editor/Data/PlaybackEngines/AndroidPlayer/UnityEditor.Android.Extensions.dll
Register platform support module: C:/Program Files/Unity/Hub/Editor/2022.3.9f1/Editor/Data/PlaybackEngines/WindowsStandaloneSupport/UnityEditor.WindowsStandalone.Extensions.dll
Registered in 0.017421 seconds.
- Loaded All Assemblies, in  0.514 seconds
Native extension for WindowsStandalone target not found
Native extension for Android target not found
Android Extension - Scanning For ADB Devices 382 ms
Native extension for WebGL target not found
Mono: successfully reloaded assembly
- Finished resetting the current domain, in  0.722 seconds
Domain Reload Profiling: 1234ms
	BeginReloadAssembly (180ms)
		ExecutionOrderSort (0ms)
		DisableScriptedObjects (0ms)
		BackupInstance (0ms)
		ReleaseScriptingObjects (0ms)
		CreateAndSetChildDomain (1ms)
	RebuildCommonClasses (52ms)
	RebuildNativeTypeToScriptingClass (11ms)
	initialDomainReloadingComplete (83ms)
	LoadAllAssembliesAndSetupDomain (185ms)
		LoadAssemblies (177ms)
		RebuildTransferFunctionScriptingTraits (0ms)
		AnalyzeDomain (182ms)
			TypeCache.Refresh (181ms)
				TypeCache.ScanAssembly (164ms)
			ScanForSourceGeneratedMonoScriptInfo (0ms)
			ResolveRequiredComponents (1ms)
	FinalizeReload (723ms)
		ReleaseScriptCaches (0ms)
		RebuildScriptCaches (0ms)
		SetupLoadedEditorAssemblies (664ms)
			LogAssemblyErrors (0ms)
			InitializePlatformSupportModulesInManaged (494ms)
			SetLoadedEditorAssemblies (4ms)
			RefreshPlugins (0ms)
			BeforeProcessingInitializeOnLoad (2ms)
			ProcessInitializeOnLoadAttributes (109ms)
			ProcessInitializeOnLoadMethodAttributes (55ms)
			AfterProcessingInitializeOnLoad (0ms)
			EditorAssembliesLoaded (0ms)
		ExecutionOrderSort2 (0ms)
		AwakeInstancesAfterBackupRestoration (0ms)
========================================================================
Worker process is ready to serve import requests
Begin MonoManager ReloadAssembly
Symbol file LoadedFromMemory is not a mono symbol file
- Loaded All Assemblies, in  0.948 seconds
Refreshing native plugins compatible for Editor in 17.87 ms, found 3 plugins.
Native extension for WindowsStandalone target not found
Native extension for Android target not found
Native extension for WebGL target not found
Package Manager log level set to [2]
[Package Manager] Server::EnsureServerProcessIsRunning -- launch failed, reason: Unity was launched with the -noUpm command-line argument
[Package Manager] UpmClient::Send -- Unable to send message (not connected to UPM process).
[Package Manager] Cannot connect to Unity Package Manager local server
Mono: successfully reloaded assembly
- Finished resetting the current domain, in  1.046 seconds
Domain Reload Profiling: 1986ms
	BeginReloadAssembly (154ms)
		ExecutionOrderSort (0ms)
		DisableScriptedObjects (5ms)
		BackupInstance (0ms)
		ReleaseScriptingObjects (0ms)
		CreateAndSetChildDomain (20ms)
	RebuildCommonClasses (35ms)
	RebuildNativeTypeToScriptingClass (11ms)
	initialDomainReloadingComplete (44ms)
	LoadAllAssembliesAndSetupDomain (695ms)
		LoadAssemblies (550ms)
		RebuildTransferFunctionScriptingTraits (0ms)
		AnalyzeDomain (238ms)
			TypeCache.Refresh (199ms)
				TypeCache.ScanAssembly (175ms)
			ScanForSourceGeneratedMonoScriptInfo (28ms)
			ResolveRequiredComponents (8ms)
	FinalizeReload (1047ms)
		ReleaseScriptCaches (0ms)
		RebuildScriptCaches (0ms)
		SetupLoadedEditorAssemblies (865ms)
			LogAssemblyErrors (0ms)
			InitializePlatformSupportModulesInManaged (30ms)
			SetLoadedEditorAssemblies (6ms)
			RefreshPlugins (0ms)
			BeforeProcessingInitializeOnLoad (86ms)
			ProcessInitializeOnLoadAttributes (579ms)
			ProcessInitializeOnLoadMethodAttributes (151ms)
			AfterProcessingInitializeOnLoad (11ms)
			EditorAssembliesLoaded (0ms)
		ExecutionOrderSort2 (0ms)
		AwakeInstancesAfterBackupRestoration (7ms)
Launched and connected shader compiler UnityShaderCompiler.exe after 0.07 seconds
Refreshing native plugins compatible for Editor in 12.14 ms, found 3 plugins.
Preloading 0 native plugins for Editor in 0.00 ms.
Unloading 4605 Unused Serialized files (Serialized files now loaded: 0)
Unloading 105 unused Assets / (1.2 MB). Loaded Objects now: 5074.
Memory consumption went from 197.4 MB to 196.2 MB.
Total: 8.077100 ms (FindLiveObjects: 0.364300 ms CreateObjectMapping: 0.327300 ms MarkObjects: 6.781500 ms  DeleteObjects: 0.603000 ms)

AssetImportParameters requested are different than current active one (requested -> active):
  custom:container-demuxer-ogg: 62fdf1f143b41e24485cea50d1cbac27 -> 
  custom:video-codec-MediaFoundation-h265: 746d11721c4dcdbdad8f713fa42b33f4 -> 
  custom:video-decoder-ogg-theora: a1e56fd34408186e4bbccfd4996cb3dc -> 
  custom:framework-win-MediaFoundation: 216162199b28c13a410421893ffa2e32 -> 
  custom:CustomObjectIndexerAttribute: 756ad292c208cfabdd7b50bc23989ffe -> 
  custom:container-demuxer-webm: 4f35f7cbe854078d1ac9338744f61a02 -> 
  custom:container-muxer-webm: aa71ff27fc2769a1b78a27578f13a17b -> 
  custom:video-decoder-webm-vp8: 9c59270c3fd7afecdb556c50c9e8de78 -> 
  custom:SearchIndexIgnoredProperties: e643bd26f0fe6173181afceb89e7c659 -> 
  custom:AudioImporter_EditorPlatform: d09bf68614088b80899f8185d706f6e7 -> 
  custom:video-encoder-webm-vp8: eb34c28f22e8b96e1ab97ce403110664 -> 
  custom:audio-decoder-ogg-vorbis: bf7c407c2cedff20999df2af8eb42d56 -> 
  custom:audio-encoder-webm-vorbis: bf7c407c2cedff20999df2af8eb42d56 -> 
========================================================================
Received Import Request.
  Time since last request: 596899.403068 seconds.
  path: Assets/Models/Realistic/Textures/FinalIsland/Chimneys_Low_FirePlaceRoof_Mat_Roughness.png
  artifactKey: Guid(d75173671b7264a49809145867df75fa) Importer(815301076,1909f56bfc062723c751e8b465ee728b)
Start importing Assets/Models/Realistic/Textures/FinalIsland/Chimneys_Low_FirePlaceRoof_Mat_Roughness.png using Guid(d75173671b7264a49809145867df75fa) Importer(815301076,1909f56bfc062723c751e8b465ee728b)  -> (artifact id: '202bb58008729ec85846a5337e8bacd7') in 0.124800 seconds
Number of updated asset objects reloaded before import = 0
Number of asset objects unloaded after import = 2
========================================================================
Received Import Request.
  Time since last request: 0.000020 seconds.
  path: Assets/Models/Realistic/Textures/FinalIsland/House_Low_HouseOther_Low.001_Metalness.png
  artifactKey: Guid(afc4562aca4cf2240bc4a344d9281de4) Importer(815301076,1909f56bfc062723c751e8b465ee728b)
Start importing Assets/Models/Realistic/Textures/FinalIsland/House_Low_HouseOther_Low.001_Metalness.png using Guid(afc4562aca4cf2240bc4a344d9281de4) Importer(815301076,1909f56bfc062723c751e8b465ee728b)  -> (artifact id: '4e56b22b6b72c548be67a1f8660643e9') in 0.040691 seconds
Number of updated asset objects reloaded before import = 0
Number of asset objects unloaded after import = 2
========================================================================
Received Import Request.
  Time since last request: 0.000057 seconds.
  path: Assets/Models/Realistic/Textures/FinalIsland/Final_Water.001.mat
  artifactKey: Guid(c0f20ee5f2c3c2646aa13554ad64939c) Importer(815301076,1909f56bfc062723c751e8b465ee728b)
Start importing Assets/Models/Realistic/Textures/FinalIsland/Final_Water.001.mat using Guid(c0f20ee5f2c3c2646aa13554ad64939c) Importer(815301076,1909f56bfc062723c751e8b465ee728b)  -> (artifact id: '486e86ed62ba221f146ec6ce0ec9ac91') in 0.104247 seconds
Number of updated asset objects reloaded before import = 0
Number of asset objects unloaded after import = 1
========================================================================
Received Import Request.
  Time since last request: 1.233454 seconds.
  path: Assets/Models/Realistic/Textures/FinalIsland/Rocks_Low_standardSurface1_Roughness.png
  artifactKey: Guid(c3b1cc8fccc58dc4e8b605e2b97f21b7) Importer(815301076,1909f56bfc062723c751e8b465ee728b)
Start importing Assets/Models/Realistic/Textures/FinalIsland/Rocks_Low_standardSurface1_Roughness.png using Guid(c3b1cc8fccc58dc4e8b605e2b97f21b7) Importer(815301076,1909f56bfc062723c751e8b465ee728b)  -> (artifact id: '25d6b1bd5e8de21d75b9feae0fcc84c4') in 0.040586 seconds
Number of updated asset objects reloaded before import = 0
Number of asset objects unloaded after import = 2
========================================================================
Received Import Request.
  Time since last request: 0.001019 seconds.
  path: Assets/Models/Realistic/Textures/FinalIsland/SF_Rocks_Mat.mat
  artifactKey: Guid(d39d42574189be0448af126a33004b31) Importer(815301076,1909f56bfc062723c751e8b465ee728b)
Start importing Assets/Models/Realistic/Textures/FinalIsland/SF_Rocks_Mat.mat using Guid(d39d42574189be0448af126a33004b31) Importer(815301076,1909f56bfc062723c751e8b465ee728b)  -> (artifact id: 'b71f44b73135c171daf0a356177a8cfc') in 0.021164 seconds
Number of updated asset objects reloaded before import = 0
Number of asset objects unloaded after import = 1
========================================================================
Received Import Request.
  Time since last request: 45.497913 seconds.
  path: Assets/Models/Realistic/Textures/FinalIsland/Sack_Roughness.png
  artifactKey: Guid(74caa1231ad7fc043b45e0c72b5d30e8) Importer(815301076,1909f56bfc062723c751e8b465ee728b)
Start importing Assets/Models/Realistic/Textures/FinalIsland/Sack_Roughness.png using Guid(74caa1231ad7fc043b45e0c72b5d30e8) Importer(815301076,1909f56bfc062723c751e8b465ee728b)  -> (artifact id: '732f666ef3bfbf55b61058bdc8fd7543') in 0.037192 seconds
Number of updated asset objects reloaded before import = 0
Number of asset objects unloaded after import = 2
========================================================================
Received Import Request.
  Time since last request: 0.000027 seconds.
  path: Assets/Models/Realistic/Textures/FinalIsland/SF_Sack_Mat.mat
  artifactKey: Guid(c767dbc3aad84914fb7c6d3d4ffee37a) Importer(815301076,1909f56bfc062723c751e8b465ee728b)
Start importing Assets/Models/Realistic/Textures/FinalIsland/SF_Sack_Mat.mat using Guid(c767dbc3aad84914fb7c6d3d4ffee37a) Importer(815301076,1909f56bfc062723c751e8b465ee728b)  -> (artifact id: '3f20f80e9f9adceb69d4eb1bb25d5c48') in 0.016798 seconds
Number of updated asset objects reloaded before import = 0
Number of asset objects unloaded after import = 1
========================================================================
Received Import Request.
  Time since last request: 21.274188 seconds.
  path: Assets/Models/Realistic/Textures/FinalIsland/HouseOutSide_Low_OutsideHouse_Mat_Normal.png
  artifactKey: Guid(8bc16076f41f6fe44a46441e28873169) Importer(815301076,1909f56bfc062723c751e8b465ee728b)
Start importing Assets/Models/Realistic/Textures/FinalIsland/HouseOutSide_Low_OutsideHouse_Mat_Normal.png using Guid(8bc16076f41f6fe44a46441e28873169) Importer(815301076,1909f56bfc062723c751e8b465ee728b)  -> (artifact id: '068f5f452755c2119dd3e3900afa6a4b') in 0.042841 seconds
Number of updated asset objects reloaded before import = 0
Number of asset objects unloaded after import = 2
========================================================================
Received Import Request.
  Time since last request: 0.000023 seconds.
  path: Assets/Models/Realistic/Textures/FinalIsland/Island_Final_Water_Opasity.png
  artifactKey: Guid(4cb53ab1ba28e0b4bb6a51d2668bf857) Importer(815301076,1909f56bfc062723c751e8b465ee728b)
Start importing Assets/Models/Realistic/Textures/FinalIsland/Island_Final_Water_Opasity.png using Guid(4cb53ab1ba28e0b4bb6a51d2668bf857) Importer(815301076,1909f56bfc062723c751e8b465ee728b)  -> (artifact id: 'e3b9876c16af04df1fd15d025879e452') in 0.029067 seconds
Number of updated asset objects reloaded before import = 0
Number of asset objects unloaded after import = 2
========================================================================
Received Import Request.
  Time since last request: 0.262207 seconds.
  path: Assets/Models/Realistic/Textures/FinalIsland/TileableWall_Normal.png
  artifactKey: Guid(45073a466a7a6574788e95b531c7ffa1) Importer(815301076,1909f56bfc062723c751e8b465ee728b)
Start importing Assets/Models/Realistic/Textures/FinalIsland/TileableWall_Normal.png using Guid(45073a466a7a6574788e95b531c7ffa1) Importer(815301076,1909f56bfc062723c751e8b465ee728b)  -> (artifact id: '3f1b3d07e202f04587756935897764b5') in 0.031677 seconds
Number of updated asset objects reloaded before import = 0
Number of asset objects unloaded after import = 2
========================================================================
Received Import Request.
  Time since last request: 14.353466 seconds.
  path: Assets/Models/STATION/Texture/KEHDB.JPG
  artifactKey: Guid(b6c839b13c555d84aa791afdf1d872c8) Importer(815301076,1909f56bfc062723c751e8b465ee728b)
Start importing Assets/Models/STATION/Texture/KEHDB.JPG using Guid(b6c839b13c555d84aa791afdf1d872c8) Importer(815301076,1909f56bfc062723c751e8b465ee728b)  -> (artifact id: '6e3d96a14ac01628a1bd36564103f8a9') in 0.020862 seconds
Number of updated asset objects reloaded before import = 0
Number of asset objects unloaded after import = 2
========================================================================
Received Import Request.
  Time since last request: 12.486967 seconds.
  path: Assets/Models/Factory/Textures/TowerCrane/Tower_crane_BUCKET_Normal.png
  artifactKey: Guid(eeed54b71d45e254b9885e33ef853ec4) Importer(815301076,1909f56bfc062723c751e8b465ee728b)
Start importing Assets/Models/Factory/Textures/TowerCrane/Tower_crane_BUCKET_Normal.png using Guid(eeed54b71d45e254b9885e33ef853ec4) Importer(815301076,1909f56bfc062723c751e8b465ee728b)  -> (artifact id: '5d1003b0d586ede8ba2b5415350c6f8b') in 0.037053 seconds
Number of updated asset objects reloaded before import = 0
Number of asset objects unloaded after import = 2
========================================================================
Received Import Request.
  Time since last request: 0.000031 seconds.
  path: Assets/Models/Factory/Textures/TowerCrane/Tower_crane_CONCRETE_Metallic.png
  artifactKey: Guid(e8a0f68a56036a0498582e5099c57e46) Importer(815301076,1909f56bfc062723c751e8b465ee728b)
Start importing Assets/Models/Factory/Textures/TowerCrane/Tower_crane_CONCRETE_Metallic.png using Guid(e8a0f68a56036a0498582e5099c57e46) Importer(815301076,1909f56bfc062723c751e8b465ee728b)  -> (artifact id: 'eb0dac6bc2a977e88c5019d004bb8296') in 0.025500 seconds
Number of updated asset objects reloaded before import = 0
Number of asset objects unloaded after import = 2
========================================================================
Received Import Request.
  Time since last request: 0.000031 seconds.
  path: Assets/Models/Factory/Textures/TowerCrane/Tower_crane_frame_Metallic.png
  artifactKey: Guid(af1b771758307944ab58837f30e744d0) Importer(815301076,1909f56bfc062723c751e8b465ee728b)
Start importing Assets/Models/Factory/Textures/TowerCrane/Tower_crane_frame_Metallic.png using Guid(af1b771758307944ab58837f30e744d0) Importer(815301076,1909f56bfc062723c751e8b465ee728b)  -> (artifact id: '1e0cc387c393e587525be94483ef03d8') in 0.022831 seconds
Number of updated asset objects reloaded before import = 0
Number of asset objects unloaded after import = 2
========================================================================
Received Import Request.
  Time since last request: 0.000035 seconds.
  path: Assets/Models/Factory/Textures/TowerCrane/Tower_crane_frame_Roughness.png
  artifactKey: Guid(5763d912654877a4582282d06ff9798f) Importer(815301076,1909f56bfc062723c751e8b465ee728b)
Start importing Assets/Models/Factory/Textures/TowerCrane/Tower_crane_frame_Roughness.png using Guid(5763d912654877a4582282d06ff9798f) Importer(815301076,1909f56bfc062723c751e8b465ee728b)  -> (artifact id: '681cd1691083e293cd2883f93bab8d44') in 0.032167 seconds
Number of updated asset objects reloaded before import = 0
Number of asset objects unloaded after import = 2
========================================================================
Received Import Request.
  Time since last request: 0.000029 seconds.
  path: Assets/Models/Factory/Textures/TowerCrane/Tower_crane_GLASS_BaseColor.png
  artifactKey: Guid(bca8b33416b1e2a4183e04783280ca46) Importer(815301076,1909f56bfc062723c751e8b465ee728b)
Start importing Assets/Models/Factory/Textures/TowerCrane/Tower_crane_GLASS_BaseColor.png using Guid(bca8b33416b1e2a4183e04783280ca46) Importer(815301076,1909f56bfc062723c751e8b465ee728b)  -> (artifact id: '395f7284e87f2adc8e0136212285db56') in 0.041165 seconds
Number of updated asset objects reloaded before import = 0
Number of asset objects unloaded after import = 2
Editor requested this worker to shutdown with reason: Scaling down because of idle timeout
TcpMessagingSession - receive error: operation aborted. errorcode: 995, details: The I/O operation has been aborted because of either a thread exit or an application request.
AssetImportWorker is now disconnected from the server
Process exiting
Exiting without the bug reporter. Application will terminate with return code 0